#
# A fatal error has been detected by the Java Runtime Environment:
#
#  Internal Error (classFileParser.cpp:3375), pid=6944, tid=6784
#  Error: ShouldNotReachHere()
#
# JRE version: 6.0_24-b07
# Java VM: Java HotSpot(TM) 64-Bit Server VM (19.1-b02 mixed mode windows-amd64 compressed oops)
# If you would like to submit a bug report, please visit:
#   http://java.sun.com/webapps/bugreport/crash.jsp
#

---------------  T H R E A D  ---------------

Current thread (0x00000000001fc000):  JavaThread "Unknown thread" [_thread_in_vm, id=6784, stack(0x00000000025a0000,0x00000000026a0000)]

Stack: [0x00000000025a0000,0x00000000026a0000]
[error occurred during error reporting (printing stack bounds), id 0xc0000005]


---------------  P R O C E S S  ---------------

Java Threads: ( => current thread )

Other Threads:

=>0x00000000001fc000 (exited) JavaThread "Unknown thread" [_thread_in_vm, id=6784, stack(0x00000000025a0000,0x00000000026a0000)]

VM state:not at safepoint (not fully initialized)

VM Mutex/Monitor currently owned by a thread: None

Dynamic libraries:
0x0000000000400000 - 0x000000000042e000 	C:\Program Files\Java\jre6\bin\javaw.exe
0x0000000077790000 - 0x000000007793c000 	C:\Windows\SYSTEM32\ntdll.dll
0x0000000077670000 - 0x000000007778f000 	C:\Windows\system32\kernel32.dll
0x000007fefd990000 - 0x000007fefd9fc000 	C:\Windows\system32\KERNELBASE.dll
0x000007fefe160000 - 0x000007fefe23b000 	C:\Windows\system32\ADVAPI32.dll
0x000007feff560000 - 0x000007feff5ff000 	C:\Windows\system32\msvcrt.dll
0x000007fefe080000 - 0x000007fefe09f000 	C:\Windows\SYSTEM32\sechost.dll
0x000007feff600000 - 0x000007feff72e000 	C:\Windows\system32\RPCRT4.dll
0x0000000077570000 - 0x000000007766a000 	C:\Windows\system32\USER32.dll
0x000007fefe0f0000 - 0x000007fefe157000 	C:\Windows\system32\GDI32.dll
0x000007feff270000 - 0x000007feff27e000 	C:\Windows\system32\LPK.dll
0x000007feff1a0000 - 0x000007feff26a000 	C:\Windows\system32\USP10.dll
0x000007fefd5c0000 - 0x000007fefd617000 	C:\Windows\system32\apphelp.dll
0x000007fef2150000 - 0x000007fef21a1000 	C:\Windows\AppPatch\AppPatch64\AcGenral.DLL
0x000007fefd590000 - 0x000007fefd5b5000 	C:\Windows\system32\SspiCli.dll
0x000007feff280000 - 0x000007feff2f1000 	C:\Windows\system32\SHLWAPI.dll
0x000007fefdb40000 - 0x000007fefdd42000 	C:\Windows\system32\ole32.dll
0x000007fefe410000 - 0x000007feff196000 	C:\Windows\system32\SHELL32.dll
0x0000000072e10000 - 0x0000000072e13000 	C:\Windows\system32\sfc.dll
0x000007fef4e80000 - 0x000007fef4e90000 	C:\Windows\system32\sfc_os.DLL
0x000007fefca40000 - 0x000007fefca5e000 	C:\Windows\system32\USERENV.dll
0x000007fefd6f0000 - 0x000007fefd6ff000 	C:\Windows\system32\profapi.dll
0x000007fefbfd0000 - 0x000007fefbfe8000 	C:\Windows\system32\dwmapi.dll
0x000007fef2420000 - 0x000007fef2438000 	C:\Windows\system32\MPR.dll
0x000007feffa70000 - 0x000007feffa9e000 	C:\Windows\system32\IMM32.DLL
0x000007feff960000 - 0x000007feffa69000 	C:\Windows\system32\MSCTF.dll
0x000000006d7f0000 - 0x000000006def4000 	C:\Program Files\Java\jre6\bin\server\jvm.dll
0x000007fefb870000 - 0x000007fefb8ab000 	C:\Windows\system32\WINMM.dll
0x000000006d760000 - 0x000000006d76e000 	C:\Program Files\Java\jre6\bin\verify.dll
0x000000006d3b0000 - 0x000000006d3d7000 	C:\Program Files\Java\jre6\bin\java.dll
0x000000006d310000 - 0x000000006d31a000 	C:\Program Files\Java\jre6\bin\hpi.dll
0x0000000077950000 - 0x0000000077957000 	C:\Windows\system32\PSAPI.DLL
0x000000006d7b0000 - 0x000000006d7c2000 	C:\Program Files\Java\jre6\bin\zip.dll

VM Arguments:
jvm_args: -Dfile.encoding=Cp1252 -Xbootclasspath:C:\Program Files (x86)\Android\android-sdk\platforms\android-10\android.jar 
java_command: org.eclipse.jdt.internal.junit.runner.RemoteTestRunner -version 3 -port 5065 -testLoaderClass org.eclipse.jdt.internal.junit.runner.junit3.JUnit3TestLoader -loaderpluginname org.eclipse.jdt.junit.runtime -classNames test.SimplePaymentTest
Launcher Type: SUN_STANDARD

Environment Variables:
JAVA_HOME=C:\Program Files\Java\jdk1.6.0_24
CLASSPATH=.;C:\Program Files (x86)\QuickTime\QTSystem\QTJava.zip
PATH=C:\Program Files (x86)\AMD APP\bin\x86_64;C:\Program Files (x86)\AMD APP\bin\x86;C:\Ruby\bin;C:\xampp\xampp\mysql\bin;C:\Program Files (x86)\ImageMagick-6.5.6-Q8;C:\Windows\system32;C:\Windows;C:\Windows\System32\Wbem;C:\Windows\System32\WindowsPowerShell\v1.0\;C:\Program Files (x86)\QuickTime\QTSystem\;C:\xampp\xampp\php\;C:\xampp\xampp\htdocs\cake\cake\console;C:\Program Files\TortoiseSVN\bin;C:\Program Files (x86)\Common Files\DivX Shared\;C:\Program Files (x86)\Microsoft SQL Server\90\Tools\binn\;C:\Program Files (x86)\Zend\ZendServer\bin;C:\Program Files (x86)\Zend\ZendServer\share\ZendFramework\bin;C:\Program Files (x86)\ATI Technologies\ATI.ACE\Core-Static;C:\Program Files (x86)\Common Files\Acronis\SnapAPI\;C:\Program Files (x86)\Git\cmd;C:\Program Files (x86)\Git\bin\;C:\Program Files (x86)\OpenVPN\bin;C:\Motion-Twin\haxe\;C:\Motion-Twin\neko;C:\Program Files\Java\jdk1.6.0_24\bin;C:\maven\apache-maven-3.0.3\bin;C:\ant\bin;C:\Program Files (x86)\Android\android-sdk\tools
USERNAME=Andi
OS=Windows_NT
PROCESSOR_IDENTIFIER=AMD64 Family 16 Model 4 Stepping 2, AuthenticAMD



---------------  S Y S T E M  ---------------

OS: Windows 7 Build 7600 

CPU:total 3 (3 cores per cpu, 1 threads per core) family 16 model 4 stepping 2, cmov, cx8, fxsr, mmx, sse, sse2, sse3, popcnt, mmxext, 3dnow, 3dnowext, lzcnt, sse4a

Memory: 4k page, physical 4191736k(1075724k free), swap 8381572k(4523784k free)

vm_info: Java HotSpot(TM) 64-Bit Server VM (19.1-b02) for windows-amd64 JRE (1.6.0_24-b07), built on Feb  2 2011 16:25:45 by "java_re" with MS VC++ 8.0 (VS2005)

time: Wed Jan 11 17:09:46 2012
elapsed time: 0 seconds

